<?xml version="1.0" encoding="UTF-8"?>
<!-- Generated by org.testng.reporters.JUnitReportReporter -->
<testsuite hostname="DESKTOP-4ABJKLI" failures="0" tests="1" name="MavenDemo.SeleniumDemo.LoginTestDemo" time="5.002" errors="0" timestamp="2022-09-17T12:56:41 IST" skipped="0">
  <testcase classname="MavenDemo.SeleniumDemo.LoginTestDemo" name="LoginDemo" time="5.002"/>
  <system-out/>
</testsuite> <!-- MavenDemo.SeleniumDemo.LoginTestDemo -->
