<?xml version="1.0" encoding="UTF-8"?>
<!-- Generated by org.testng.reporters.JUnitReportReporter -->
<testsuite hostname="DESKTOP-4ABJKLI" failures="1" tests="6" name="MavenDemo.SeleniumDemo.ScreenShort" time="0.018" errors="0" timestamp="2022-09-13T15:58:10 IST" skipped="1">
  <testcase classname="MavenDemo.SeleniumDemo.ScreenShort" name="TestB" time="0.001"/>
  <system-out/>
  <testcase classname="MavenDemo.SeleniumDemo.ScreenShort" name="TestB" time="0.001"/>
  <system-out/>
  <testcase classname="MavenDemo.SeleniumDemo.ScreenShort" name="TestB" time="0.004"/>
  <system-out/>
  <testcase classname="MavenDemo.SeleniumDemo.ScreenShort" name="TestB" time="0.002"/>
  <system-out/>
  <testcase classname="MavenDemo.SeleniumDemo.ScreenShort" name="TestC" time="0.001">
    <skipped/>
  </testcase> <!-- TestC -->
  <system-out/>
  <testcase classname="MavenDemo.SeleniumDemo.ScreenShort" name="TestA" time="0.009">
    <failure message="null" type="java.lang.AssertionError">
      <![CDATA[java.lang.AssertionError: null
at org.testng.Assert.fail(Assert.java:99)
at org.testng.Assert.fail(Assert.java:106)
at MavenDemo.SeleniumDemo.ScreenShort.TestA(ScreenShort.java:55)
at java.base/jdk.internal.reflect.NativeMethodAccessorImpl.invoke0(Native Method)
at java.base/jdk.internal.reflect.NativeMethodAccessorImpl.invoke(NativeMethodAccessorImpl.java:62)
at java.base/jdk.internal.reflect.DelegatingMethodAccessorImpl.invoke(DelegatingMethodAccessorImpl.java:43)
at java.base/java.lang.reflect.Method.invoke(Method.java:566)
at org.testng.internal.MethodInvocationHelper.invokeMethod(MethodInvocationHelper.java:133)
at org.testng.internal.InvokeMethodRunnable.runOne(InvokeMethodRunnable.java:45)
at org.testng.internal.InvokeMethodRunnable.call(InvokeMethodRunnable.java:73)
at org.testng.internal.InvokeMethodRunnable.call(InvokeMethodRunnable.java:11)
at java.base/java.util.concurrent.FutureTask.run(FutureTask.java:264)
at java.base/java.util.concurrent.ThreadPoolExecutor.runWorker(ThreadPoolExecutor.java:1128)
at java.base/java.util.concurrent.ThreadPoolExecutor$Worker.run(ThreadPoolExecutor.java:628)
at java.base/java.lang.Thread.run(Thread.java:834)
]]>
    </failure>
  </testcase> <!-- TestA -->
  <system-out/>
</testsuite> <!-- MavenDemo.SeleniumDemo.ScreenShort -->
